[90m[main 2025-09-12T00:01:08.908Z][0m updateURL https://api2.cursor.sh/updates/api/update/linux-x64/cursor/1.4.2/0fbbc88ba24f41f7cba632a9fda3af623493ccf79406d718d1e4e9482756a51d/stable
[90m[main 2025-09-12T00:01:08.908Z][0m update#setState idle
Error: Cannot find module './build/Debug/keymapping'
Require stack:
- /nix/store/jrp78d85fj31jdnivz6zf84szah7ylrl-cursor-1.2.2-extracted/usr/share/cursor/resources/app/node_modules/native-keymap/index.js
    at Module._resolveFilename (node:internal/modules/cjs/loader:1219:15)
    at s._resolveFilename (node:electron/js2c/browser_init:2:124485)
    at Module._load (node:internal/modules/cjs/loader:1050:27)
    at c._load (node:electron/js2c/node_init:2:16955)
    at Module.require (node:internal/modules/cjs/loader:1305:19)
    at require (node:internal/modules/helpers:182:18)
    at NativeBinding._init (/nix/store/jrp78d85fj31jdnivz6zf84szah7ylrl-cursor-1.2.2-extracted/usr/share/cursor/resources/app/node_modules/native-keymap/index.js:19:24)
    at NativeBinding.getKeyMap (/nix/store/jrp78d85fj31jdnivz6zf84szah7ylrl-cursor-1.2.2-extracted/usr/share/cursor/resources/app/node_modules/native-keymap/index.js:24:10)
    at exports.getKeyMap (/nix/store/jrp78d85fj31jdnivz6zf84szah7ylrl-cursor-1.2.2-extracted/usr/share/cursor/resources/app/node_modules/native-keymap/index.js:63:18)
    at j2 (file:///nix/store/jrp78d85fj31jdnivz6zf84szah7ylrl-cursor-1.2.2-extracted/usr/share/cursor/resources/app/out/main.js:55:494)
    at ah._doInitialize (file:///nix/store/jrp78d85fj31jdnivz6zf84szah7ylrl-cursor-1.2.2-extracted/usr/share/cursor/resources/app/out/main.js:55:1193) {
  code: 'MODULE_NOT_FOUND',
  requireStack: [
    '/nix/store/jrp78d85fj31jdnivz6zf84szah7ylrl-cursor-1.2.2-extracted/usr/share/cursor/resources/app/node_modules/native-keymap/index.js'
  ]
}
TypeError: Cannot read properties of null (reading 'getCurrentKeyboardLayout')
    at NativeBinding.getCurrentKeyboardLayout (/nix/store/jrp78d85fj31jdnivz6zf84szah7ylrl-cursor-1.2.2-extracted/usr/share/cursor/resources/app/node_modules/native-keymap/index.js:34:29)
    at exports.getCurrentKeyboardLayout (/nix/store/jrp78d85fj31jdnivz6zf84szah7ylrl-cursor-1.2.2-extracted/usr/share/cursor/resources/app/node_modules/native-keymap/index.js:60:18)
    at j2 (file:///nix/store/jrp78d85fj31jdnivz6zf84szah7ylrl-cursor-1.2.2-extracted/usr/share/cursor/resources/app/out/main.js:55:510)
    at ah._doInitialize (file:///nix/store/jrp78d85fj31jdnivz6zf84szah7ylrl-cursor-1.2.2-extracted/usr/share/cursor/resources/app/out/main.js:55:1193)
TypeError: Cannot read properties of null (reading 'onDidChangeKeyboardLayout')
    at NativeBinding.onDidChangeKeyboardLayout (/nix/store/jrp78d85fj31jdnivz6zf84szah7ylrl-cursor-1.2.2-extracted/usr/share/cursor/resources/app/node_modules/native-keymap/index.js:43:22)
    at exports.onDidChangeKeyboardLayout (/nix/store/jrp78d85fj31jdnivz6zf84szah7ylrl-cursor-1.2.2-extracted/usr/share/cursor/resources/app/node_modules/native-keymap/index.js:66:18)
    at ah._doInitialize (file:///nix/store/jrp78d85fj31jdnivz6zf84szah7ylrl-cursor-1.2.2-extracted/usr/share/cursor/resources/app/out/main.js:55:1205)
[2178360:0912/020109.149325:ERROR:gbm_pixmap_wayland.cc(82)] Cannot create bo with format= RGBA_8888 and usage=SCANOUT
[2178360:0912/020109.149489:ERROR:gbm_pixmap_wayland.cc(82)] Cannot create bo with format= RGBA_8888 and usage=GPU_READ
[2178360:0912/020109.149574:ERROR:shared_image_factory.cc(876)] CreateSharedImage: could not create backing.
[2178360:0912/020109.149650:ERROR:gbm_pixmap_wayland.cc(82)] Cannot create bo with format= RGBA_8888 and usage=SCANOUT
[2178360:0912/020109.149734:ERROR:gbm_pixmap_wayland.cc(82)] Cannot create bo with format= RGBA_8888 and usage=GPU_READ
[2178360:0912/020109.149793:ERROR:shared_image_factory.cc(876)] CreateSharedImage: could not create backing.
[2178360:0912/020109.149841:ERROR:gbm_pixmap_wayland.cc(82)] Cannot create bo with format= RGBA_8888 and usage=SCANOUT
[2178360:0912/020109.149935:ERROR:gbm_pixmap_wayland.cc(82)] Cannot create bo with format= RGBA_8888 and usage=GPU_READ
[2178360:0912/020109.149981:ERROR:shared_image_factory.cc(876)] CreateSharedImage: could not create backing.
[2178360:0912/020109.150042:ERROR:shared_image_manager.cc(249)] SharedImageManager::ProduceSkia: Trying to Produce a Skia representation from a non-existent mailbox.
[2178360:0912/020109.150116:ERROR:gpu_service_impl.cc(1162)] Exiting GPU process because some drivers can't recover from errors. GPU process will restart shortly.
[2178286:0912/020109.161419:ERROR:gpu_process_host.cc(981)] GPU process exited unexpectedly: exit_code=8704
[2178447:0912/020109.374890:ERROR:gbm_pixmap_wayland.cc(82)] Cannot create bo with format= RGBA_8888 and usage=SCANOUT
[2178447:0912/020109.374994:ERROR:gbm_pixmap_wayland.cc(82)] Cannot create bo with format= RGBA_8888 and usage=GPU_READ
[2178447:0912/020109.375055:ERROR:shared_image_factory.cc(876)] CreateSharedImage: could not create backing.
[2178447:0912/020109.375112:ERROR:gbm_pixmap_wayland.cc(82)] Cannot create bo with format= RGBA_8888 and usage=SCANOUT
[2178447:0912/020109.375148:ERROR:gbm_pixmap_wayland.cc(82)] Cannot create bo with format= RGBA_8888 and usage=GPU_READ
[2178447:0912/020109.375183:ERROR:shared_image_factory.cc(876)] CreateSharedImage: could not create backing.
[2178447:0912/020109.375218:ERROR:gbm_pixmap_wayland.cc(82)] Cannot create bo with format= RGBA_8888 and usage=SCANOUT
[2178447:0912/020109.375252:ERROR:gbm_pixmap_wayland.cc(82)] Cannot create bo with format= RGBA_8888 and usage=GPU_READ
[2178447:0912/020109.375284:ERROR:shared_image_factory.cc(876)] CreateSharedImage: could not create backing.
[2178447:0912/020109.375333:ERROR:shared_image_manager.cc(249)] SharedImageManager::ProduceSkia: Trying to Produce a Skia representation from a non-existent mailbox.
[2178447:0912/020109.375396:ERROR:gpu_service_impl.cc(1162)] Exiting GPU process because some drivers can't recover from errors. GPU process will restart shortly.
[2178286:0912/020109.386785:ERROR:gpu_process_host.cc(981)] GPU process exited unexpectedly: exit_code=8704
[2178491:0912/020109.629436:ERROR:gbm_pixmap_wayland.cc(82)] Cannot create bo with format= RGBA_8888 and usage=SCANOUT
[2178491:0912/020109.629549:ERROR:gbm_pixmap_wayland.cc(82)] Cannot create bo with format= RGBA_8888 and usage=GPU_READ
[2178491:0912/020109.629586:ERROR:shared_image_factory.cc(876)] CreateSharedImage: could not create backing.
[2178491:0912/020109.629623:ERROR:gbm_pixmap_wayland.cc(82)] Cannot create bo with format= RGBA_8888 and usage=SCANOUT
[2178491:0912/020109.629652:ERROR:gbm_pixmap_wayland.cc(82)] Cannot create bo with format= RGBA_8888 and usage=GPU_READ
[2178491:0912/020109.629679:ERROR:shared_image_factory.cc(876)] CreateSharedImage: could not create backing.
[2178491:0912/020109.629707:ERROR:gbm_pixmap_wayland.cc(82)] Cannot create bo with format= RGBA_8888 and usage=SCANOUT
[2178491:0912/020109.629734:ERROR:gbm_pixmap_wayland.cc(82)] Cannot create bo with format= RGBA_8888 and usage=GPU_READ
[2178491:0912/020109.629760:ERROR:shared_image_factory.cc(876)] CreateSharedImage: could not create backing.
[2178491:0912/020109.629798:ERROR:shared_image_manager.cc(249)] SharedImageManager::ProduceSkia: Trying to Produce a Skia representation from a non-existent mailbox.
[2178491:0912/020109.629847:ERROR:gpu_service_impl.cc(1162)] Exiting GPU process because some drivers can't recover from errors. GPU process will restart shortly.
[2178286:0912/020109.640299:ERROR:gpu_process_host.cc(981)] GPU process exited unexpectedly: exit_code=8704
[2178535:0912/020110.501118:ERROR:gles2_cmd_decoder_passthrough.cc(1093)] [GroupMarkerNotSet(crbug.com/242999)!:A0300F0064100000]Automatic fallback to software WebGL has been deprecated. Please use the --enable-unsafe-swiftshader flag to opt in to lower security guarantees for trusted content.
[90m[main 2025-09-12T00:01:38.909Z][0m update#setState checking for updates
[90m[main 2025-09-12T00:01:39.043Z][0m update#setState available for download
